ERROR 2024/04/16 07:54:44 utils.go:95: mongo: no documents in result Cannot find user
ERROR 2024/04/16 07:55:02 utils.go:95: mongo: no documents in result Cannot find user
ERROR 2024/04/16 07:55:43 utils.go:95: mongo: no documents in result Cannot find user
ERROR 2024/04/16 08:01:51 utils.go:95: mongo: no documents in result Cannot find user
ERROR 2024/04/16 08:03:50 utils.go:95: mongo: no documents in result Cannot find user
ERROR 2024/04/16 08:05:02 utils.go:95: mongo: no documents in result Cannot find user
ERROR 2024/04/16 08:16:54 utils.go:95: mongo: no documents in result Cannot find user
ERROR 2024/04/16 08:18:55 utils.go:95: mongo: no documents in result Cannot find user
ERROR 2024/04/16 08:19:21 utils.go:95: mongo: no documents in result Cannot find user
ERROR 2024/04/16 08:20:40 utils.go:95: mongo: no documents in result Cannot find user
ERROR 2024/04/16 08:21:13 utils.go:95: mongo: no documents in result Cannot find user
ERROR 2024/04/16 08:28:56 utils.go:95: mongo: no documents in result Cannot find user
ERROR 2024/04/16 08:29:26 utils.go:95: mongo: no documents in result Cannot find user
ERROR 2024/04/16 12:40:12 utils.go:95: mongo: no documents in result Cannot get user from session
ERROR 2024/04/16 12:40:13 utils.go:95: mongo: no documents in result Cannot get user from session
ERROR 2024/04/16 12:42:38 utils.go:95: mongo: no documents in result Cannot get user from session
ERROR 2024/04/16 12:48:24 utils.go:95: mongo: no documents in result Cannot get user from session
ERROR 2024/04/16 12:50:08 utils.go:95: mongo: no documents in result Cannot get user from session
ERROR 2024/04/16 12:50:37 utils.go:95: mongo: no documents in result Cannot get user from session
ERROR 2024/04/16 13:03:08 utils.go:95: mongo: no documents in result Cannot get user from session
ERROR 2024/04/16 13:04:17 utils.go:95: mongo: no documents in result Cannot get user from session
ERROR 2024/04/16 13:04:54 utils.go:95: mongo: no documents in result Cannot get user from session
ERROR 2024/04/16 13:05:40 utils.go:95: mongo: no documents in result Cannot get user from session
ERROR 2024/04/16 13:06:07 utils.go:95: mongo: no documents in result Cannot get user from session
ERROR 2024/04/16 13:06:28 utils.go:95: mongo: no documents in result Cannot get user from session
ERROR 2024/04/16 14:31:35 utils.go:95: mongo: no documents in result Cannot get user from session
WARNING 2024/04/19 01:36:18 utils.go:108: <nil> Failed to get cookie
WARNING 2024/04/19 01:36:20 utils.go:108: <nil> Failed to get cookie
WARNING 2024/04/19 01:36:20 utils.go:108: <nil> Failed to get cookie
WARNING 2024/04/19 01:36:21 utils.go:108: <nil> Failed to get cookie
WARNING 2024/04/19 01:36:22 utils.go:108: <nil> Failed to get cookie
WARNING 2024/04/19 01:36:22 utils.go:108: <nil> Failed to get cookie
WARNING 2024/04/19 01:36:23 utils.go:108: <nil> Failed to get cookie
WARNING 2024/04/19 01:36:24 utils.go:108: <nil> Failed to get cookie
WARNING 2024/04/19 01:37:52 utils.go:109: <nil> Failed to get cookie
WARNING 2024/04/19 01:38:01 utils.go:109: <nil> Failed to get cookie
WARNING 2024/04/19 01:39:52 utils.go:109: <nil> Failed to get cookie
ERROR 2024/04/19 01:44:07 utils.go:103: mongo: no documents in result Cannot get user from session
ERROR 2024/04/19 01:45:40 utils.go:103: mongo: no documents in result Cannot get user from session
ERROR 2024/04/19 02:01:42 utils.go:103: mongo: no documents in result Cannot get user from session
ERROR 2024/04/19 02:04:53 utils.go:103: mongo: no documents in result Cannot get user from session
ERROR 2024/04/19 02:04:53 utils.go:103: user has undefined ID Cannot create thread
ERROR 2024/04/19 02:11:11 utils.go:105: mongo: no documents in result Cannot get user from session
ERROR 2024/04/19 02:11:11 utils.go:105: user has undefined ID Cannot create thread
ERROR 2024/04/19 02:14:17 utils.go:105: mongo: no documents in result Cannot get user from session
ERROR 2024/04/19 02:14:17 utils.go:105: user has undefined ID Cannot create thread
ERROR 2024/04/19 02:15:25 utils.go:105: mongo: no documents in result Cannot get user from session
ERROR 2024/04/19 02:15:25 utils.go:105: user has undefined ID Cannot create thread
ERROR 2024/04/19 02:18:10 utils.go:105: mongo: no documents in result Cannot get user from session
ERROR 2024/04/19 02:18:10 utils.go:105: user has undefined ID Cannot create thread
ERROR 2024/04/19 02:19:35 utils.go:106: mongo: no documents in result Cannot get user from session
ERROR 2024/04/19 02:19:35 utils.go:106: user has undefined ID Cannot create thread
ERROR 2024/04/21 22:42:52 utils.go:105: invalid name or email Cannot create user
ERROR 2024/04/21 22:44:42 utils.go:105: invalid name () or email () Cannot create user
ERROR 2024/04/21 22:44:42 utils.go:105: invalid name () or email () Cannot create user
ERROR 2024/04/21 22:44:43 utils.go:105: invalid name () or email () Cannot create user
ERROR 2024/04/21 22:45:29 utils.go:105: invalid name () or email () Cannot create user
ERROR 2024/04/21 22:45:30 utils.go:105: invalid name () or email () Cannot create user
ERROR 2024/04/21 22:45:31 utils.go:105: invalid name () or email () Cannot create user
ERROR 2024/04/21 22:46:54 utils.go:105: invalid name () or email () Cannot create user
ERROR 2024/04/21 22:47:11 utils.go:105: invalid name () or email () Cannot create user
ERROR 2024/04/21 22:48:21 utils.go:105: invalid name () or email () Cannot create user
ERROR 2024/04/21 22:48:22 utils.go:105: invalid name () or email () Cannot create user
ERROR 2024/04/21 22:48:23 utils.go:105: invalid name () or email () Cannot create user
ERROR 2024/04/21 22:48:43 utils.go:105: invalid name () or email () Cannot create user
ERROR 2024/04/21 22:48:44 utils.go:105: invalid name () or email () Cannot create user
ERROR 2024/04/21 22:50:00 utils.go:105: invalid semicolon separator in query Cannot parse form
ERROR 2024/04/21 22:50:00 utils.go:105: invalid name () or email () Cannot create user
ERROR 2024/04/21 22:50:01 utils.go:105: invalid semicolon separator in query Cannot parse form
ERROR 2024/04/21 22:50:01 utils.go:105: invalid name () or email () Cannot create user
ERROR 2024/04/21 22:59:15 utils.go:105: invalid semicolon separator in query Cannot parse form
ERROR 2024/04/21 22:59:15 utils.go:105: invalid name () or email () Cannot create user
ERROR 2024/04/21 23:01:21 utils.go:105: invalid semicolon separator in query Cannot parse form
ERROR 2024/04/21 23:01:21 utils.go:105: invalid name () or email () Cannot create user
ERROR 2024/04/21 23:02:25 utils.go:105: invalid semicolon separator in query Cannot parse form
ERROR 2024/04/21 23:02:25 utils.go:105: invalid name () or email () Cannot create user
ERROR 2024/04/21 23:02:32 utils.go:105: invalid semicolon separator in query Cannot parse form
ERROR 2024/04/21 23:02:32 utils.go:105: invalid name () or email () Cannot create user
ERROR 2024/04/21 23:02:40 utils.go:105: invalid semicolon separator in query Cannot parse form
ERROR 2024/04/21 23:02:40 utils.go:105: invalid name () or email () Cannot create user
ERROR 2024/04/21 23:03:13 utils.go:105: invalid name (a1) or email () Cannot create user
ERROR 2024/04/21 23:03:14 utils.go:105: invalid name (a1) or email () Cannot create user
ERROR 2024/04/21 23:04:56 utils.go:105: invalid name (a1) or email () Cannot create user
ERROR 2024/04/21 23:04:57 utils.go:105: invalid name (a1) or email () Cannot create user
ERROR 2024/04/21 23:05:03 utils.go:105: user with the email existed Cannot create user
ERROR 2024/04/21 23:05:03 utils.go:105: user with the email existed Cannot create user
ERROR 2024/04/21 23:05:14 utils.go:105: user with the email existed Cannot create user
ERROR 2024/04/21 23:05:22 utils.go:105: user with the email existed Cannot create user
ERROR 2024/04/21 23:06:22 utils.go:105: user with the email existed: a121121@a.com Cannot create user
ERROR 2024/04/21 23:06:56 utils.go:105: user with the email existed: a121121@a.com Cannot create user
ERROR 2024/04/21 23:06:57 utils.go:105: user with the email existed: a121121@a.com Cannot create user
ERROR 2024/05/24 16:10:13 utils.go:136: mongo: no documents in result Cannot find user
ERROR 2024/05/24 16:12:00 utils.go:136: mongo: no documents in result Cannot find user
